This is XeTeX, Version 3.14159265-2.6-0.99992 (TeX Live 2015) (preloaded format=xelatex 2015.10.11)  9 AUG 2016 15:00
entering extended mode
 restricted \write18 enabled.
 file:line:error style messages enabled.
 %&-line parsing enabled.
**thesis.tex
(./thesis.tex
LaTeX2e <2015/01/01>
Babel <3.9l> and hyphenation patterns for 79 languages loaded.
(/usr/local/texlive/2015/texmf-dist/tex/latex/base/article.cls
Document Class: article 2014/09/29 v1.4h Standard LaTeX document class
(/usr/local/texlive/2015/texmf-dist/tex/latex/base/size10.clo
File: size10.clo 2014/09/29 v1.4h Standard LaTeX file (size option)
)
\c@part=\count79
\c@section=\count80
\c@subsection=\count81
\c@subsubsection=\count82
\c@paragraph=\count83
\c@subparagraph=\count84
\c@figure=\count85
\c@table=\count86
\abovecaptionskip=\skip41
\belowcaptionskip=\skip42
\bibindent=\dimen102
)
(/usr/local/texlive/2015/texmf-dist/tex/latex/amsmath/amsmath.sty
Package: amsmath 2013/01/14 v2.14 AMS math features
\@mathmargin=\skip43

For additional information on amsmath, use the `?' option.
(/usr/local/texlive/2015/texmf-dist/tex/latex/amsmath/amstext.sty
Package: amstext 2000/06/29 v2.01

(/usr/local/texlive/2015/texmf-dist/tex/latex/amsmath/amsgen.sty
File: amsgen.sty 1999/11/30 v2.0
\@emptytoks=\toks14
\ex@=\dimen103
))
(/usr/local/texlive/2015/texmf-dist/tex/latex/amsmath/amsbsy.sty
Package: amsbsy 1999/11/29 v1.2d
\pmbraise@=\dimen104
)
(/usr/local/texlive/2015/texmf-dist/tex/latex/amsmath/amsopn.sty
Package: amsopn 1999/12/14 v2.01 operator names
)
\inf@bad=\count87
LaTeX Info: Redefining \frac on input line 210.
\uproot@=\count88
\leftroot@=\count89
LaTeX Info: Redefining \overline on input line 306.
\classnum@=\count90
\DOTSCASE@=\count91
LaTeX Info: Redefining \ldots on input line 378.
LaTeX Info: Redefining \dots on input line 381.
LaTeX Info: Redefining \cdots on input line 466.
\Mathstrutbox@=\box26
\strutbox@=\box27
\big@size=\dimen105
LaTeX Font Info:    Redeclaring font encoding OML on input line 566.
LaTeX Font Info:    Redeclaring font encoding OMS on input line 567.
\macc@depth=\count92
\c@MaxMatrixCols=\count93
\dotsspace@=\muskip10
\c@parentequation=\count94
\dspbrk@lvl=\count95
\tag@help=\toks15
\row@=\count96
\column@=\count97
\maxfields@=\count98
\andhelp@=\toks16
\eqnshift@=\dimen106
\alignsep@=\dimen107
\tagshift@=\dimen108
\tagwidth@=\dimen109
\totwidth@=\dimen110
\lineht@=\dimen111
\@envbody=\toks17
\multlinegap=\skip44
\multlinetaggap=\skip45
\mathdisplay@stack=\toks18
LaTeX Info: Redefining \[ on input line 2665.
LaTeX Info: Redefining \] on input line 2666.
)
(/usr/local/texlive/2015/texmf-dist/tex/latex/tools/bm.sty
Package: bm 2014/10/28 v1.1c Bold Symbol Support (DPC/FMi)
\symboldoperators=\mathgroup4
\symboldletters=\mathgroup5
\symboldsymbols=\mathgroup6
LaTeX Font Info:    Redeclaring math alphabet \mathbf on input line 141.
LaTeX Info: Redefining \bm on input line 207.
)
(/usr/local/texlive/2015/texmf-dist/tex/latex/tools/indentfirst.sty
Package: indentfirst 1995/11/23 v1.03 Indent first paragraph (DPC)
)
(/usr/local/texlive/2015/texmf-dist/tex/latex/ntheorem/ntheorem.sty
Style `ntheorem', Version 1.33 <2011/08/15>
Package: ntheorem 2011/08/15 1.33
(/usr/local/texlive/2015/texmf-dist/tex/latex/base/ifthen.sty
Package: ifthen 2014/09/29 v1.1c Standard LaTeX ifthen package (DPC)
)
\theorem@style=\toks19
\theorem@@style=\toks20
\theorembodyfont=\toks21
\theoremnumbering=\toks22
\theorempreskipamount=\skip46
\theorempostskipamount=\skip47
\theoremframepreskipamount=\skip48
\theoremframepostskipamount=\skip49
\theoreminframepreskipamount=\skip50
\theoreminframepostskipamount=\skip51
\theorem@preskip=\toks23
\theorem@postskip=\toks24
\theorem@framepreskip=\toks25
\theorem@framepostskip=\toks26
\theorem@inframepreskip=\toks27
\theorem@inframepostskip=\toks28
\theoremindent=\dimen112
\theorem@indent=\dimen113
\theoremrightindent=\dimen114
\theorem@rightindent=\dimen115
\theoremheaderfont=\toks29
\theoremseparator=\toks30
\theoremprework=\toks31
\theorempostwork=\toks32
\theoremsymbol=\toks33
\qedsymbol=\toks34
\theoremkeyword=\toks35
\qedsymbol=\toks36
\thm@topsep=\skip52
\thm@topsepadd=\skip53
Package ntheorem Info: Option `thmmarks' loaded on input line 1175.
\c@endNonectr=\count99
\c@currNonectr=\count100
\mysavskip=\skip54
Package ntheorem Info: option `amsmath' handling for `thmmarks' loaded on input
 line 1175.
\thm@amstmpdepth=\dimen116
\tagwidth=\dimen117
Package ntheorem Info: Standard config file ntheorem.std used on input line 118
4.

(/usr/local/texlive/2015/texmf-dist/tex/latex/ntheorem/ntheorem.std
(/usr/local/texlive/2015/texmf-dist/tex/latex/base/latexsym.sty
Package: latexsym 1998/08/17 v2.2e Standard LaTeX package (lasy symbols)
\symlasy=\mathgroup7
LaTeX Font Info:    Overwriting symbol font `lasy' in version `bold'
(Font)                  U/lasy/m/n --> U/lasy/b/n on input line 52.
)
\c@currTheoremctr=\count101
\c@endTheoremctr=\count102
\c@Theorem=\count103
\c@currtheoremctr=\count104
\c@endtheoremctr=\count105
\c@theorem=\count106
\c@currSatzctr=\count107
\c@endSatzctr=\count108
\c@Satz=\count109
\c@currsatzctr=\count110
\c@endsatzctr=\count111
\c@satz=\count112
\c@currPropositionctr=\count113
\c@endPropositionctr=\count114
\c@Proposition=\count115
\c@currpropositionctr=\count116
\c@endpropositionctr=\count117
\c@proposition=\count118
\c@currLemmactr=\count119
\c@endLemmactr=\count120
\c@Lemma=\count121
\c@currlemmactr=\count122
\c@endlemmactr=\count123
\c@lemma=\count124
\c@currKorollarctr=\count125
\c@endKorollarctr=\count126
\c@Korollar=\count127
\c@currkorollarctr=\count128
\c@endkorollarctr=\count129
\c@korollar=\count130
\c@currCorollaryctr=\count131
\c@endCorollaryctr=\count132
\c@Corollary=\count133
\c@currcorollaryctr=\count134
\c@endcorollaryctr=\count135
\c@corollary=\count136
\c@currExamplectr=\count137
\c@endExamplectr=\count138
\c@Example=\count139
\c@currexamplectr=\count140
\c@endexamplectr=\count141
\c@example=\count142
\c@currBeispielctr=\count143
\c@endBeispielctr=\count144
\c@Beispiel=\count145
\c@currbeispielctr=\count146
\c@endbeispielctr=\count147
\c@beispiel=\count148
\c@currBemerkungctr=\count149
\c@endBemerkungctr=\count150
\c@Bemerkung=\count151
\c@currbemerkungctr=\count152
\c@endbemerkungctr=\count153
\c@bemerkung=\count154
\c@currAnmerkungctr=\count155
\c@endAnmerkungctr=\count156
\c@Anmerkung=\count157
\c@curranmerkungctr=\count158
\c@endanmerkungctr=\count159
\c@anmerkung=\count160
\c@currRemarkctr=\count161
\c@endRemarkctr=\count162
\c@Remark=\count163
\c@currremarkctr=\count164
\c@endremarkctr=\count165
\c@remark=\count166
\c@currDefinitionctr=\count167
\c@endDefinitionctr=\count168
\c@Definition=\count169
\c@currdefinitionctr=\count170
\c@enddefinitionctr=\count171
\c@definition=\count172

(/usr/local/texlive/2015/texmf-dist/tex/latex/amsfonts/amssymb.sty
Package: amssymb 2013/01/14 v3.01 AMS font symbols

(/usr/local/texlive/2015/texmf-dist/tex/latex/amsfonts/amsfonts.sty
Package: amsfonts 2013/01/14 v3.01 Basic AMSFonts support
\symAMSa=\mathgroup8
\symAMSb=\mathgroup9
LaTeX Font Info:    Overwriting math alphabet `\mathfrak' in version `bold'
(Font)                  U/euf/m/n --> U/euf/b/n on input line 106.
))
\c@currProofctr=\count173
\c@endProofctr=\count174
\c@Proof=\count175
\c@currproofctr=\count176
\c@endproofctr=\count177
\c@proof=\count178
\c@currBeweisctr=\count179
\c@endBeweisctr=\count180
\c@Beweis=\count181
\c@currbeweisctr=\count182
\c@endbeweisctr=\count183
\c@beweis=\count184
))
(/usr/local/texlive/2015/texmf-dist/tex/latex/clrscode3e/clrscode3e.sty
Package: clrscode3e 

(/usr/local/texlive/2015/texmf-dist/tex/latex/graphics/graphics.sty
Package: graphics 2014/10/28 v1.0p Standard LaTeX Graphics (DPC,SPQR)

(/usr/local/texlive/2015/texmf-dist/tex/latex/graphics/trig.sty
Package: trig 1999/03/16 v1.09 sin cos tan (DPC)
)
(/usr/local/texlive/2015/texmf-dist/tex/latex/latexconfig/graphics.cfg
File: graphics.cfg 2010/04/23 v1.9 graphics configuration of TeX Live
)
Package graphics Info: Driver file: xetex.def on input line 94.

(/usr/local/texlive/2015/texmf-dist/tex/xelatex/xetex-def/xetex.def
File: xetex.def 2015/03/25 v4.04 LaTeX color/graphics driver for XeTeX (TeX Liv
e/RRM/JK)
))
\c@codelinenumber=\count185
\c@indent=\count186
\digitwidth=\skip55
\savecode=\box28
\codeboxwidth=\skip56
\c@thisindent=\count187
)
(./thesis.aux)
\openout1 = `thesis.aux'.

LaTeX Font Info:    Checking defaults for OML/cmm/m/it on input line 21.
LaTeX Font Info:    ... okay on input line 21.
LaTeX Font Info:    Checking defaults for T1/cmr/m/n on input line 21.
LaTeX Font Info:    ... okay on input line 21.
LaTeX Font Info:    Checking defaults for OT1/cmr/m/n on input line 21.
LaTeX Font Info:    ... okay on input line 21.
LaTeX Font Info:    Checking defaults for OMS/cmsy/m/n on input line 21.
LaTeX Font Info:    ... okay on input line 21.
LaTeX Font Info:    Checking defaults for OMX/cmex/m/n on input line 21.
LaTeX Font Info:    ... okay on input line 21.
LaTeX Font Info:    Checking defaults for U/cmr/m/n on input line 21.
LaTeX Font Info:    ... okay on input line 21.
LaTeX Font Info:    Try loading font information for U+lasy on input line 23.
 (/usr/local/texlive/2015/texmf-dist/tex/latex/base/ulasy.fd
File: ulasy.fd 1998/08/17 v2.2e LaTeX symbol font definitions
)
LaTeX Font Info:    Try loading font information for U+msa on input line 23.

(/usr/local/texlive/2015/texmf-dist/tex/latex/amsfonts/umsa.fd
File: umsa.fd 2013/01/14 v3.01 AMS symbols A
)
LaTeX Font Info:    Try loading font information for U+msb on input line 23.

(/usr/local/texlive/2015/texmf-dist/tex/latex/amsfonts/umsb.fd
File: umsb.fd 2013/01/14 v3.01 AMS symbols B
)
Overfull \hbox (2.91728pt too wide) in paragraph at lines 34--35
[]\OT1/cmr/m/n/10 But for com-mon dif-fer-en-tial equa-tions, the reach-able se
t is usu-ally in-tractable,
 []

[1

] [2]
Missing character: There is no 。 in font cmr10!
Missing character: There is no 。 in font cmr10!

Overfull \hbox (10.3753pt too wide) in paragraph at lines 97--98
[]\OT1/cmr/m/n/10 We say a hy-brid sys-tem $(\OML/cmm/b/it/10 H\OML/cmm/m/it/10
 ; \OML/cmm/b/it/10 I\OML/cmm/m/it/10 ; \OML/cmm/b/it/10 f\OT1/cmr/m/n/10 )$
 []

[3]
LaTeX Font Info:    Try loading font information for OMS+cmr on input line 124.

 (/usr/local/texlive/2015/texmf-dist/tex/latex/base/omscmr.fd
File: omscmr.fd 2014/09/29 v2.5h Standard LaTeX font definitions
)
LaTeX Font Info:    Font shape `OMS/cmr/m/n' in size <10> not available
(Font)              Font shape `OMS/cmsy/m/n' tried instead on input line 124.
 [4] [5]
[6] [7]
Overfull \hbox (7.1662pt too wide) in paragraph at lines 317--318
[]\OT1/cmr/m/n/10 Since $\OMS/cmsy/m/n/10 8\OML/cmm/m/it/10 t \OMS/cmsy/m/n/10 
2 \OT1/cmr/m/n/10 [\OML/cmm/m/it/10 t[]; t[] \OT1/cmr/m/n/10 + \OML/cmm/m/it/10
 T[]\OT1/cmr/m/n/10 ]\OML/cmm/m/it/10 ; \OML/cmm/b/it/10 H\OT1/cmr/m/n/10 (\OML
/cmm/b/it/10 x\OT1/cmr/m/n/10 (\OML/cmm/m/it/10 t\OT1/cmr/m/n/10 )) \OMS/cmsy/m
/n/10 ^^U \OT1/cmr/m/n/10 0$, cer-tainly there is: $\OMS/cmsy/m/n/10 8\OML/cmm/
m/it/10 t \OMS/cmsy/m/n/10 2 \OT1/cmr/m/n/10 (\OML/cmm/m/it/10 t[]; t[]\OT1/cmr
/m/n/10 )\OML/cmm/m/it/10 ; \OML/cmm/b/it/10 H\OT1/cmr/m/n/10 (\OML/cmm/b/it/10
 x\OT1/cmr/m/n/10 (\OML/cmm/m/it/10 t\OT1/cmr/m/n/10 )) \OMS/cmsy/m/n/10 ^^U
 []


Overfull \hbox (6.62524pt too wide) in paragraph at lines 333--334
[]\OT1/cmr/m/n/10 Given poly-no-mial hy-
 []

[8]
Overfull \hbox (22.65765pt too wide) in paragraph at lines 349--350
[]\OT1/cmr/m/n/10 Consider $\OMS/cmsy/m/n/10 L[]\OML/cmm/m/it/10 ^^^\OT1/cmr/m/
n/10 (\OML/cmm/b/it/10 x\OT1/cmr/m/n/10 )$
 []

[9]
Overfull \hbox (6.75539pt too wide) in paragraph at lines 439--440
[]\OT1/cmr/m/n/10 Recall the con-di-tion of this lemma, we have: $\OMS/cmsy/m/n
/10 L[]\OML/cmm/m/it/10 ^^^ \OMS/cmsy/m/n/10 2 hL[]\OML/cmm/m/it/10 ^^^; \OMS/c
msy/m/n/10 L[]\OML/cmm/m/it/10 ^^^; [] ; \OMS/cmsy/m/n/10 L[]\OML/cmm/m/it/10 ^
^^\OMS/cmsy/m/n/10 i$\OT1/cmr/m/n/10 .
 []

[10] [11] [12] [13] [14] [15] [16]
LaTeX Font Info:    Font shape `OMS/cmr/m/it' in size <10> not available
(Font)              Font shape `OMS/cmsy/m/n' tried instead on input line 757.
 [17]
Missing character: There is no ； in font cmr10!
Missing character: There is no ； in font cmr10!
 [18] [19] [20] (./thesis.bbl [21]
Underfull \hbox (badness 1406) in paragraph at lines 36--40
\OT1/cmr/m/n/10 Hen-zinger.  In-vari-ant clus-ters for hy-brid sys-tems.  \OT1/
cmr/m/it/10 arXiv preprint
 []

)
\tf@thm=\write3
\openout3 = `thesis.thm'.

 [22] (./thesis.aux) ) 
Here is how much of TeX's memory you used:
 2806 strings out of 493706
 36190 string characters out of 6145768
 94349 words of memory out of 5000000
 6115 multiletter control sequences out of 15000+600000
 19604 words of font info for 75 fonts, out of 8000000 for 9000
 1328 hyphenation exceptions out of 8191
 35i,16n,28p,862b,307s stack positions out of 5000i,500n,10000p,200000b,80000s

Output written on thesis.pdf (22 pages).
